2023-04-18 17:45:49 INFO  Log:14 - ***********************************
2023-04-18 17:45:49 INFO  Log:15 - ***********************************
2023-04-18 17:45:49 INFO  Log:16 - *************This is the beginning of my Test case**************
2023-04-18 17:45:49 INFO  Log:28 - My test case is executing right now
2023-04-18 17:45:49 INFO  Log:31 - My test case might have some trivial issues
2023-04-18 17:46:18 INFO  Log:28 - This test case is about to get completed
2023-04-18 17:46:18 INFO  Log:21 - #####################################
2023-04-18 17:46:18 INFO  Log:22 - #####################################
2023-04-18 17:46:18 INFO  Log:23 - ##########This test case is finished###################
2023-04-19 14:33:26 INFO  Log:14 - ***********************************
2023-04-19 14:33:26 INFO  Log:15 - ***********************************
2023-04-19 14:33:26 INFO  Log:16 - *************This is the beginning of my Test case**************
2023-04-19 14:33:26 INFO  Log:28 - My test case is executing right now
2023-04-19 14:33:26 INFO  Log:31 - My test case might have some trivial issues
2023-04-19 14:33:28 INFO  Log:28 - This test case is about to get completed
2023-04-19 14:33:28 INFO  Log:21 - #####################################
2023-04-19 14:33:28 INFO  Log:22 - #####################################
2023-04-19 14:33:28 INFO  Log:23 - ##########This test case is finished###################
2023-04-19 14:36:55 INFO  Log:14 - ***********************************
2023-04-19 14:36:55 INFO  Log:15 - ***********************************
2023-04-19 14:36:55 INFO  Log:16 - *************This is the beginning of my Test case**************
2023-04-19 14:36:55 INFO  Log:28 - My test case is executing right now
2023-04-19 14:36:55 INFO  Log:31 - My test case might have some trivial issues
2023-04-19 14:37:02 INFO  Log:28 - This test case is about to get completed
2023-04-19 14:37:02 INFO  Log:21 - #####################################
2023-04-19 14:37:02 INFO  Log:22 - #####################################
2023-04-19 14:37:02 INFO  Log:23 - ##########This test case is finished###################
2023-04-19 14:37:04 INFO  Log:14 - ***********************************
2023-04-19 14:37:04 INFO  Log:15 - ***********************************
2023-04-19 14:37:04 INFO  Log:16 - *************This is the beginning of my Test case**************
2023-04-19 14:37:04 INFO  Log:28 - My test case is executing right now
2023-04-19 14:37:04 INFO  Log:31 - My test case might have some trivial issues
2023-04-19 14:37:06 INFO  Log:28 - This test case is about to get completed
2023-04-19 14:37:06 INFO  Log:21 - #####################################
2023-04-19 14:37:06 INFO  Log:22 - #####################################
2023-04-19 14:37:06 INFO  Log:23 - ##########This test case is finished###################
2023-04-19 14:39:23 INFO  Log:14 - ***********************************
2023-04-19 14:39:23 INFO  Log:15 - ***********************************
2023-04-19 14:39:23 INFO  Log:16 - *************This is the beginning of my Test case**************
2023-04-19 14:39:23 INFO  Log:28 - My test case is executing right now
2023-04-19 14:39:23 INFO  Log:31 - My test case might have some trivial issues
2023-04-19 14:39:30 INFO  Log:28 - This test case is about to get completed
2023-04-19 14:39:30 INFO  Log:21 - #####################################
2023-04-19 14:39:30 INFO  Log:22 - #####################################
2023-04-19 14:39:30 INFO  Log:23 - ##########This test case is finished###################
2023-04-19 14:39:32 INFO  Log:14 - ***********************************
2023-04-19 14:39:32 INFO  Log:15 - ***********************************
2023-04-19 14:39:32 INFO  Log:16 - *************This is the beginning of my Test case**************
2023-04-19 14:39:32 INFO  Log:28 - My test case is executing right now
2023-04-19 14:39:32 INFO  Log:31 - My test case might have some trivial issues
2023-04-19 14:39:34 INFO  Log:28 - This test case is about to get completed
2023-04-19 14:39:34 INFO  Log:21 - #####################################
2023-04-19 14:39:34 INFO  Log:22 - #####################################
2023-04-19 14:39:34 INFO  Log:23 - ##########This test case is finished###################
2023-04-19 15:15:18 INFO  Log:14 - ***********************************
2023-04-19 15:15:18 INFO  Log:15 - ***********************************
2023-04-19 15:15:18 INFO  Log:16 - *************This is the beginning of my Test case**************
2023-04-19 15:15:18 INFO  Log:28 - My test case is executing right now
2023-04-19 15:15:18 INFO  Log:31 - My test case might have some trivial issues
2023-04-19 15:15:24 INFO  Log:28 - This test case is about to get completed
2023-04-19 15:15:24 INFO  Log:21 - #####################################
2023-04-19 15:15:24 INFO  Log:22 - #####################################
2023-04-19 15:15:24 INFO  Log:23 - ##########This test case is finished###################
2023-04-19 15:26:06 INFO  Log:14 - ***********************************
2023-04-19 15:26:06 INFO  Log:15 - ***********************************
2023-04-19 15:26:06 INFO  Log:16 - *************This is the beginning of my Test case**************
2023-04-19 15:26:06 INFO  Log:28 - My test case is executing right now
2023-04-19 15:26:06 INFO  Log:31 - My test case might have some trivial issues
2023-04-19 15:26:12 INFO  Log:28 - This test case is about to get completed
2023-04-19 15:26:12 INFO  Log:21 - #####################################
2023-04-19 15:26:12 INFO  Log:22 - #####################################
2023-04-19 15:26:12 INFO  Log:23 - ##########This test case is finished###################
2023-04-19 15:28:19 INFO  Log:14 - ***********************************
2023-04-19 15:28:19 INFO  Log:15 - ***********************************
2023-04-19 15:28:19 INFO  Log:16 - *************This is the beginning of my Test case**************
2023-04-19 15:28:19 INFO  Log:28 - My test case is executing right now
2023-04-19 15:28:19 INFO  Log:31 - My test case might have some trivial issues
2023-04-19 15:28:25 INFO  Log:28 - This test case is about to get completed
2023-04-19 15:28:25 INFO  Log:21 - #####################################
2023-04-19 15:28:25 INFO  Log:22 - #####################################
2023-04-19 15:28:25 INFO  Log:23 - ##########This test case is finished###################
2023-05-24 18:52:35 INFO  Log:14 - ***********************************
2023-05-24 18:52:35 INFO  Log:15 - ***********************************
2023-05-24 18:52:35 INFO  Log:16 - *************This is the beginning of my Test case**************
2023-05-24 18:52:35 INFO  Log:28 - My test case is executing right now
2023-05-24 18:52:35 INFO  Log:31 - My test case might have some trivial issues
2023-05-24 18:52:37 INFO  Log:28 - This test case is about to get completed
2023-05-24 18:52:37 INFO  Log:21 - #####################################
2023-05-24 18:52:37 INFO  Log:22 - #####################################
2023-05-24 18:52:37 INFO  Log:23 - ##########This test case is finished###################
2023-05-27 07:34:58 INFO  Log:14 - ***********************************
2023-05-27 07:34:58 INFO  Log:15 - ***********************************
2023-05-27 07:34:58 INFO  Log:16 - *************This is the beginning of my Test case**************
2023-05-27 07:34:58 INFO  Log:28 - My test case is executing right now
2023-05-27 07:34:58 INFO  Log:31 - My test case might have some trivial issues
2023-05-27 07:34:58 INFO  Log:28 - This test case is about to get completed
2023-05-27 07:34:58 INFO  Log:21 - #####################################
2023-05-27 07:34:58 INFO  Log:22 - #####################################
2023-05-27 07:34:58 INFO  Log:23 - ##########This test case is finished###################
2023-06-02 20:50:42 INFO  Log:14 - ***********************************
2023-06-02 20:50:42 INFO  Log:15 - ***********************************
2023-06-02 20:50:42 INFO  Log:16 - *************This is the beginning of my Test case**************
2023-06-02 20:50:42 INFO  Log:28 - My test case is executing right now
2023-06-02 20:50:42 INFO  Log:31 - My test case might have some trivial issues
2023-06-02 20:50:51 INFO  Log:28 - This test case is about to get completed
2023-06-02 20:50:51 INFO  Log:21 - #####################################
2023-06-02 20:50:51 INFO  Log:22 - #####################################
2023-06-02 20:50:51 INFO  Log:23 - ##########This test case is finished###################
2023-06-02 21:21:15 INFO  Log:14 - ***********************************
2023-06-02 21:21:15 INFO  Log:15 - ***********************************
2023-06-02 21:21:15 INFO  Log:16 - *************This is the beginning of my Test case**************
2023-06-02 21:21:15 INFO  Log:28 - My test case is executing right now
2023-06-02 21:21:15 INFO  Log:31 - My test case might have some trivial issues
2023-06-02 21:21:23 INFO  Log:28 - This test case is about to get completed
2023-06-02 21:21:23 INFO  Log:21 - #####################################
2023-06-02 21:21:23 INFO  Log:22 - #####################################
2023-06-02 21:21:23 INFO  Log:23 - ##########This test case is finished###################
